<?xml version="1.0" encoding="UTF-8"?>
<testng-results ignored="0" total="1" passed="1" failed="0" skipped="0">
  <reporter-output>
  </reporter-output>
  <suite started-at="2022-10-09T14:57:44 IST" name="Default suite" finished-at="2022-10-09T14:57:57 IST" duration-ms="13107">
    <groups>
    </groups>
    <test started-at="2022-10-09T14:57:44 IST" name="Default test" finished-at="2022-10-09T14:57:57 IST" duration-ms="13107">
      <class name="com.assignment.AppTesting">
        <test-method is-config="true" signature="loadPropertyFile()[pri:0, instance:com.assignment.AppTesting@2f7298b]" started-at="2022-10-09T14:57:44 IST" name="loadPropertyFile" finished-at="2022-10-09T14:57:49 IST" duration-ms="4339" status="PASS">
          <reporter-output>
          </reporter-output>
        </test-method> <!-- loadPropertyFile -->
        <test-method signature="test()[pri:0, instance:com.assignment.AppTesting@2f7298b]" started-at="2022-10-09T14:57:49 IST" name="test" finished-at="2022-10-09T14:57:57 IST" duration-ms="8300" status="PASS">
          <reporter-output>
          </reporter-output>
        </test-method> <!-- test -->
        <test-method is-config="true" signature="quitDriver()[pri:0, instance:com.assignment.AppTesting@2f7298b]" started-at="2022-10-09T14:57:57 IST" name="quitDriver" finished-at="2022-10-09T14:57:57 IST" duration-ms="425" status="PASS">
          <reporter-output>
          </reporter-output>
        </test-method> <!-- quitDriver -->
      </class> <!-- com.assignment.AppTesting -->
    </test> <!-- Default test -->
  </suite> <!-- Default suite -->
</testng-results>
